<?xml version="1.0" encoding="UTF-8"?>
<!-- Generated by org.testng.reporters.JUnitReportReporter -->
<testsuite skipped="0" hostname="BDC6-DX-J0MVXC2" name="testmeapp.tests.OnlineShoppingTest" tests="4" failures="0" timestamp="19 Jul 2019 10:43:49 GMT" time="38.554" errors="0">
  <testcase name="testRegistration" time="6.265" classname="testmeapp.tests.OnlineShoppingTest"/>
  <testcase name="testLogin" time="0.592" classname="testmeapp.tests.OnlineShoppingTest"/>
  <testcase name="testCart" time="12.022" classname="testmeapp.tests.OnlineShoppingTest"/>
  <testcase name="testPayment" time="19.675" classname="testmeapp.tests.OnlineShoppingTest"/>
</testsuite> <!-- testmeapp.tests.OnlineShoppingTest -->
